# JRE version: OpenJDK Runtime Environment Zulu17.48+15-CA (17.0.10+7) (build 17.0.10+7-LTS)
# Java VM: OpenJDK 64-Bit Server VM Zulu17.48+15-CA (17.0.10+7-LTS, mixed mode, sharing, tiered, compressed oops, compressed class ptrs, g1 gc, bsd-amd64)
Heap:
 garbage-first heap   total 57344K, used 9946K [0x0000000600000000, 0x0000000800000000)
  region size 4096K, 1 young (4096K), 0 survivors (0K)
 Metaspace       used 2830K, committed 3072K, reserved 1114112K
  class space    used 271K, committed 384K, reserved 1048576K
GC Heap History (20 events):
Event: 0.281 GC heap before
{Heap before GC invocations=5 (full 2):
 garbage-first heap   total 40960K, used 15979K [0x0000000600000000, 0x0000000800000000)
  region size 4096K, 3 young (12288K), 1 survivors (4096K)
 Metaspace       used 2203K, committed 2368K, reserved 1114112K
  class space    used 195K, committed 256K, reserved 1048576K
}
Event: 0.284 GC heap after
{Heap after GC invocations=6 (full 2):
 garbage-first heap   total 282624K, used 8761K [0x0000000600000000, 0x0000000800000000)
  region size 4096K, 1 young (4096K), 1 survivors (4096K)
 Metaspace       used 2203K, committed 2368K, reserved 1114112K
  class space    used 195K, committed 256K, reserved 1048576K
}
Event: 0.289 GC heap before
{Heap before GC invocations=6 (full 2):
 garbage-first heap   total 282624K, used 8761K [0x0000000600000000, 0x0000000800000000)
  region size 4096K, 2 young (8192K), 1 survivors (4096K)
 Metaspace       used 2215K, committed 2368K, reserved 1114112K
  class space    used 196K, committed 256K, reserved 1048576K
}
Event: 0.296 GC heap after
{Heap after GC invocations=7 (full 3):
 garbage-first heap   total 81920K, used 8717K [0x0000000600000000, 0x0000000800000000)
  region size 4096K, 0 young (0K), 0 survivors (0K)
 Metaspace       used 2215K, committed 2368K, reserved 1114112K
  class space    used 196K, committed 256K, reserved 1048576K
}
Event: 0.301 GC heap before
{Heap before GC invocations=7 (full 3):
 garbage-first heap   total 81920K, used 8717K [0x0000000600000000, 0x0000000800000000)
  region size 4096K, 1 young (4096K), 0 survivors (0K)
 Metaspace       used 2216K, committed 2368K, reserved 1114112K
  class space    used 196K, committed 256K, reserved 1048576K
}
Event: 0.310 GC heap after
{Heap after GC invocations=8 (full 4):
 garbage-first heap   total 57344K, used 8717K [0x0000000600000000, 0x0000000800000000)
  region size 4096K, 0 young (0K), 0 survivors (0K)
 Metaspace       used 2216K, committed 2368K, reserved 1114112K
  class space    used 196K, committed 256K, reserved 1048576K
}
Event: 0.313 GC heap before
{Heap before GC invocations=8 (full 4):
 garbage-first heap   total 57344K, used 8717K [0x0000000600000000, 0x0000000800000000)
  region size 4096K, 1 young (4096K), 0 survivors (0K)
 Metaspace       used 2216K, committed 2368K, reserved 1114112K
  class space    used 196K, committed 256K, reserved 1048576K
}
Event: 0.326 GC heap after
{Heap after GC invocations=9 (full 5):
 garbage-first heap   total 57344K, used 8717K [0x0000000600000000, 0x0000000800000000)
  region size 4096K, 0 young (0K), 0 survivors (0K)
 Metaspace       used 2216K, committed 2368K, reserved 1114112K
  class space    used 196K, committed 256K, reserved 1048576K
}
Event: 0.332 GC heap before
{Heap before GC invocations=9 (full 5):
 garbage-first heap   total 57344K, used 8717K [0x0000000600000000, 0x0000000800000000)
  region size 4096K, 1 young (4096K), 0 survivors (0K)
 Metaspace       used 2216K, committed 2368K, reserved 1114112K
  class space    used 196K, committed 256K, reserved 1048576K
}
Event: 0.341 GC heap after
{Heap after GC invocations=10 (full 6):
 garbage-first heap   total 57344K, used 8717K [0x0000000600000000, 0x0000000800000000)
  region size 4096K, 0 young (0K), 0 survivors (0K)
 Metaspace       used 2216K, committed 2368K, reserved 1114112K
  class space    used 196K, committed 256K, reserved 1048576K
}
Event: 1.310 GC heap before
{Heap before GC invocations=10 (full 6):
 garbage-first heap   total 57344K, used 8717K [0x0000000600000000, 0x0000000800000000)
  region size 4096K, 1 young (4096K), 0 survivors (0K)
 Metaspace       used 2787K, committed 3008K, reserved 1114112K
  class space    used 269K, committed 384K, reserved 1048576K
}
Event: 1.323 GC heap after
{Heap after GC invocations=11 (full 7):
 garbage-first heap   total 57344K, used 9198K [0x0000000600000000, 0x0000000800000000)
  region size 4096K, 0 young (0K), 0 survivors (0K)
 Metaspace       used 2787K, committed 3008K, reserved 1114112K
  class space    used 269K, committed 384K, reserved 1048576K
}
Event: 9.426 GC heap before
{Heap before GC invocations=11 (full 7):
 garbage-first heap   total 57344K, used 9198K [0x0000000600000000, 0x0000000800000000)
  region size 4096K, 1 young (4096K), 0 survivors (0K)
 Metaspace       used 2787K, committed 3008K, reserved 1114112K
  class space    used 269K, committed 384K, reserved 1048576K
}
Event: 9.442 GC heap after
{Heap after GC invocations=12 (full 8):
 garbage-first heap   total 57344K, used 9199K [0x0000000600000000, 0x0000000800000000)
  region size 4096K, 0 young (0K), 0 survivors (0K)
 Metaspace       used 2787K, committed 3008K, reserved 1114112K
  class space    used 269K, committed 384K, reserved 1048576K
}
Event: 23.242 GC heap before
{Heap before GC invocations=12 (full 8):
 garbage-first heap   total 57344K, used 9199K [0x0000000600000000, 0x0000000800000000)
  region size 4096K, 1 young (4096K), 0 survivors (0K)
 Metaspace       used 2787K, committed 3008K, reserved 1114112K
  class space    used 269K, committed 384K, reserved 1048576K
}
Event: 23.252 GC heap after
{Heap after GC invocations=13 (full 9):
 garbage-first heap   total 57344K, used 9199K [0x0000000600000000, 0x0000000800000000)
  region size 4096K, 0 young (0K), 0 survivors (0K)
 Metaspace       used 2787K, committed 3008K, reserved 1114112K
  class space    used 269K, committed 384K, reserved 1048576K
}
Event: 29.347 GC heap before
{Heap before GC invocations=13 (full 9):
 garbage-first heap   total 57344K, used 9199K [0x0000000600000000, 0x0000000800000000)
  region size 4096K, 1 young (4096K), 0 survivors (0K)
 Metaspace       used 2787K, committed 3008K, reserved 1114112K
  class space    used 269K, committed 384K, reserved 1048576K
}
Event: 29.357 GC heap after
{Heap after GC invocations=14 (full 10):
 garbage-first heap   total 57344K, used 9199K [0x0000000600000000, 0x0000000800000000)
  region size 4096K, 0 young (0K), 0 survivors (0K)
 Metaspace       used 2787K, committed 3008K, reserved 1114112K
  class space    used 269K, committed 384K, reserved 1048576K
}
Event: 36.079 GC heap before
{Heap before GC invocations=14 (full 10):
 garbage-first heap   total 57344K, used 9199K [0x0000000600000000, 0x0000000800000000)
  region size 4096K, 1 young (4096K), 0 survivors (0K)
 Metaspace       used 2817K, committed 3072K, reserved 1114112K
  class space    used 269K, committed 384K, reserved 1048576K
}
Event: 36.090 GC heap after
{Heap after GC invocations=15 (full 11):
 garbage-first heap   total 57344K, used 9203K [0x0000000600000000, 0x0000000800000000)
  region size 4096K, 0 young (0K), 0 survivors (0K)
 Metaspace       used 2817K, committed 3072K, reserved 1114112K
  class space    used 269K, committed 384K, reserved 1048576K
}

